<?xml version="1.0" encoding="UTF-8"?>
<!-- Generated by org.testng.reporters.JUnitReportReporter -->
<testsuite hostname="swatee-PC" name="com.facebook.TestCases.FindAFriend" tests="1" failures="0" timestamp="19 Mar 2016 09:09:17 GMT" time="28.315" errors="0">
  <testcase name="findMyFriend" time="28.315" classname="com.facebook.TestCases.FindAFriend"/>
</testsuite> <!-- com.facebook.TestCases.FindAFriend -->
